task_6_e_commerce_pharmacy/build/app/intermediates/manifest_merge_blame_file/debug/manifest-merger-blame-debug-report.txt
1<?xml version="1.0" encoding="utf-8"?>
2<manifest xmlns:android="http://schemas.android.com/apk/res/android"
3    package="com.example.ephamarcy"
4    android:versionCode="1"
5    android:versionName="1.0.0" >
6
7    <uses-sdk
8        android:minSdkVersion="24"
9        android:targetSdkVersion="34" />
10    <!--
11         The INTERNET permission is required for development. Specifically,
12         the Flutter tool needs it to communicate with the running application
13         to allow setting breakpoints, to provide hot reload, etc.
14    -->
15    <uses-permission android:name="android.permission.INTERNET" />
15-->src\main\AndroidManifest.xml:3:5-67
15-->src\main\AndroidManifest.xml:3:22-64
16    <uses-permission android:name="android.permission.ACCESS_NETWORK_STATE" />
16-->src\main\AndroidManifest.xml:4:1-75
16-->src\main\AndroidManifest.xml:4:18-72
17
18    <queries>
18-->[:flutter_inappwebview] AndroidManifest.xml:9:5-13:15
19        <intent>
19-->[:flutter_inappwebview] AndroidManifest.xml:10:9-12:18
20            <action android:name="android.support.customtabs.action.CustomTabsService" />
20-->[:flutter_inappwebview] AndroidManifest.xml:11:13-90
20-->[:flutter_inappwebview] AndroidManifest.xml:11:21-87
21        </intent>
22        <!-- Added to check if Chrome is installed for browser-based payment authentication (e.g. 3DS1). -->
23        <package android:name="com.android.chrome" /> <!-- Added to check the default browser that will host the AuthFlow. -->
23-->[com.stripe:payments-core:20.37.4] AndroidManifest.xml:11:9-54
23-->[com.stripe:payments-core:20.37.4] AndroidManifest.xml:11:18-51
24        <intent>
24-->[com.stripe:financial-connections:20.37.4] AndroidManifest.xml:13:9-17:18
25            <action android:name="android.intent.action.VIEW" />
25-->[com.stripe:link:20.37.4] AndroidManifest.xml:21:17-69
25-->[com.stripe:link:20.37.4] AndroidManifest.xml:21:25-66
26
27            <data android:scheme="http" />
27-->[com.stripe:link:20.37.4] AndroidManifest.xml:26:17-29:51
27-->[com.stripe:link:20.37.4] AndroidManifest.xml:29:21-48
28        </intent> <!-- Needs to be explicitly declared on Android R+ -->
29        <package android:name="com.google.android.apps.maps" />
29-->[com.google.android.gms:play-services-maps:18.0.2] AndroidManifest.xml:33:9-64
29-->[com.google.android.gms:play-services-maps:18.0.2] AndroidManifest.xml:33:18-61
30    </queries>
31
32    <uses-permission android:name="android.permission.WAKE_LOCK" />
32-->[androidx.work:work-runtime:2.8.1] AndroidManifest.xml:23:5-68
32-->[androidx.work:work-runtime:2.8.1] AndroidManifest.xml:23:22-65
33    <uses-permission android:name="android.permission.RECEIVE_BOOT_COMPLETED" />
33-->[androidx.work:work-runtime:2.8.1] AndroidManifest.xml:25:5-81
33-->[androidx.work:work-runtime:2.8.1] AndroidManifest.xml:25:22-78
34    <uses-permission android:name="android.permission.FOREGROUND_SERVICE" />
34-->[androidx.work:work-runtime:2.8.1] AndroidManifest.xml:26:5-77
34-->[androidx.work:work-runtime:2.8.1] AndroidManifest.xml:26:22-74
35    <uses-permission android:name="com.google.android.providers.gsf.permission.READ_GSERVICES" /> <!-- Required by older versions of Google Play services to create GCM registration tokens -->
35-->[com.google.android.recaptcha:recaptcha:18.4.0] AndroidManifest.xml:9:5-98
35-->[com.google.android.recaptcha:recaptcha:18.4.0] AndroidManifest.xml:9:22-95
36    <uses-permission android:name="com.google.android.c2dm.permission.RECEIVE" />
36-->[com.google.android.gms:play-services-gcm:17.0.0] AndroidManifest.xml:23:5-82
36-->[com.google.android.gms:play-services-gcm:17.0.0] AndroidManifest.xml:23:22-79
37
38    <uses-feature
38-->[com.google.android.gms:play-services-maps:18.0.2] AndroidManifest.xml:26:5-28:35
39        android:glEsVersion="0x00020000"
39-->[com.google.android.gms:play-services-maps:18.0.2] AndroidManifest.xml:27:9-41
40        android:required="true" />
40-->[com.google.android.gms:play-services-maps:18.0.2] AndroidManifest.xml:28:9-32
41
42    <permission
42-->[androidx.core:core:1.12.0] AndroidManifest.xml:22:5-24:47
43        android:name="com.example.ephamarcy.DYNAMIC_RECEIVER_NOT_EXPORTED_PERMISSION"
43-->[androidx.core:core:1.12.0] AndroidManifest.xml:23:9-81
44        android:protectionLevel="signature" />
44-->[androidx.core:core:1.12.0] AndroidManifest.xml:24:9-44
45
46    <uses-permission android:name="com.example.ephamarcy.DYNAMIC_RECEIVER_NOT_EXPORTED_PERMISSION" />
46-->[androidx.core:core:1.12.0] AndroidManifest.xml:26:5-97
46-->[androidx.core:core:1.12.0] AndroidManifest.xml:26:22-94
47
48    <application
49        android:name="android.app.Application"
50        android:appComponentFactory="androidx.core.app.CoreComponentFactory"
50-->[androidx.core:core:1.12.0] AndroidManifest.xml:28:18-86
51        android:debuggable="true"
52        android:enableOnBackInvokedCallback="true"
53        android:extractNativeLibs="false"
54        android:icon="@mipmap/ic_launcher"
55        android:label="ephamarcy" >
56        <activity
57            android:name="com.example.ephamarcy.MainActivity"
58            android:configChanges="orientation|keyboardHidden|keyboard|screenSize|smallestScreenSize|locale|layoutDirection|fontScale|screenLayout|density|uiMode"
59            android:exported="true"
60            android:hardwareAccelerated="true"
61            android:launchMode="singleTop"
62            android:theme="@style/NormalTheme"
63            android:windowSoftInputMode="adjustResize" >
64
65            <!--
66                 Specifies an Android theme to apply to this Activity as soon as
67                 the Android process has started. This theme is visible to the user
68                 while the Flutter UI initializes. After that, this theme continues
69                 to determine the Window background behind the Flutter UI.
70            -->
71
72            <meta-data
73                android:name="io.flutter.embedding.android.NormalTheme"
74                android:resource="@style/NormalTheme" />
75
76            <intent-filter>
77                <action android:name="android.intent.action.MAIN" />
78
79                <category android:name="android.intent.category.LAUNCHER" />
80            </intent-filter>
81        </activity>
82        <!--
83             Don't delete the meta-data below.
84             This is used by the Flutter tool to generate GeneratedPluginRegistrant.java
85        -->
86        <meta-data
87            android:name="flutterEmbedding"
88            android:value="2" />
89
90        <service
90-->[:cloud_firestore] AndroidManifest.xml:10:9-14:19
91            android:name="com.google.firebase.components.ComponentDiscoveryService"
91-->[:cloud_firestore] AndroidManifest.xml:10:18-89
92            android:directBootAware="true"
92-->[com.google.firebase:firebase-common:20.4.2] AndroidManifest.xml:32:13-43
93            android:exported="false" >
93-->[com.google.firebase:firebase-firestore:24.10.1] AndroidManifest.xml:16:13-37
94            <meta-data
94-->[:cloud_firestore] AndroidManifest.xml:11:13-13:85
95                android:name="com.google.firebase.components:io.flutter.plugins.firebase.firestore.FlutterFirebaseFirestoreRegistrar"
95-->[:cloud_firestore] AndroidManifest.xml:12:17-134
96                android:value="com.google.firebase.components.ComponentRegistrar" />
96-->[:cloud_firestore] AndroidManifest.xml:13:17-82
97            <meta-data
97-->[:firebase_auth] AndroidManifest.xml:11:13-13:85
98                android:name="com.google.firebase.components:io.flutter.plugins.firebase.auth.FlutterFirebaseAuthRegistrar"
98-->[:firebase_auth] AndroidManifest.xml:12:17-124
99                android:value="com.google.firebase.components.ComponentRegistrar" />
99-->[:firebase_auth] AndroidManifest.xml:13:17-82
100            <meta-data
100-->[:firebase_storage] AndroidManifest.xml:11:13-13:85
101                android:name="com.google.firebase.components:io.flutter.plugins.firebase.storage.FlutterFirebaseAppRegistrar"
101-->[:firebase_storage] AndroidManifest.xml:12:17-126
102                android:value="com.google.firebase.components.ComponentRegistrar" />
102-->[:firebase_storage] AndroidManifest.xml:13:17-82
103            <meta-data
103-->[:firebase_core] AndroidManifest.xml:11:13-13:85
104                android:name="com.google.firebase.components:io.flutter.plugins.firebase.core.FlutterFirebaseCoreRegistrar"
104-->[:firebase_core] AndroidManifest.xml:12:17-124
105                android:value="com.google.firebase.components.ComponentRegistrar" />
105-->[:firebase_core] AndroidManifest.xml:13:17-82
106            <meta-data
106-->[com.google.firebase:firebase-firestore:24.10.1] AndroidManifest.xml:17:13-19:85
107                android:name="com.google.firebase.components:com.google.firebase.firestore.FirebaseFirestoreKtxRegistrar"
107-->[com.google.firebase:firebase-firestore:24.10.1] AndroidManifest.xml:18:17-122
108                android:value="com.google.firebase.components.ComponentRegistrar" />
108-->[com.google.firebase:firebase-firestore:24.10.1] AndroidManifest.xml:19:17-82
109            <meta-data
109-->[com.google.firebase:firebase-firestore:24.10.1] AndroidManifest.xml:20:13-22:85
110                android:name="com.google.firebase.components:com.google.firebase.firestore.FirestoreRegistrar"
110-->[com.google.firebase:firebase-firestore:24.10.1] AndroidManifest.xml:21:17-111
111                android:value="com.google.firebase.components.ComponentRegistrar" />
111-->[com.google.firebase:firebase-firestore:24.10.1] AndroidManifest.xml:22:17-82
112            <meta-data
112-->[com.google.firebase:firebase-auth:22.3.1] AndroidManifest.xml:69:13-71:85
113                android:name="com.google.firebase.components:com.google.firebase.auth.FirebaseAuthRegistrar"
113-->[com.google.firebase:firebase-auth:22.3.1] AndroidManifest.xml:70:17-109
114                android:value="com.google.firebase.components.ComponentRegistrar" />
114-->[com.google.firebase:firebase-auth:22.3.1] AndroidManifest.xml:71:17-82
115            <meta-data
115-->[com.google.firebase:firebase-storage:20.3.0] AndroidManifest.xml:30:13-32:85
116                android:name="com.google.firebase.components:com.google.firebase.storage.FirebaseStorageKtxRegistrar"
116-->[com.google.firebase:firebase-storage:20.3.0] AndroidManifest.xml:31:17-118
117                android:value="com.google.firebase.components.ComponentRegistrar" />
117-->[com.google.firebase:firebase-storage:20.3.0] AndroidManifest.xml:32:17-82
118            <meta-data
118-->[com.google.firebase:firebase-storage:20.3.0] AndroidManifest.xml:33:13-35:85
119                android:name="com.google.firebase.components:com.google.firebase.storage.StorageRegistrar"
119-->[com.google.firebase:firebase-storage:20.3.0] AndroidManifest.xml:34:17-107
120                android:value="com.google.firebase.components.ComponentRegistrar" />
120-->[com.google.firebase:firebase-storage:20.3.0] AndroidManifest.xml:35:17-82
121            <meta-data
121-->[com.google.firebase:firebase-appcheck:17.1.1] AndroidManifest.xml:25:13-27:85
122                android:name="com.google.firebase.components:com.google.firebase.appcheck.FirebaseAppCheckKtxRegistrar"
122-->[com.google.firebase:firebase-appcheck:17.1.1] AndroidManifest.xml:26:17-120
123                android:value="com.google.firebase.components.ComponentRegistrar" />
123-->[com.google.firebase:firebase-appcheck:17.1.1] AndroidManifest.xml:27:17-82
124            <meta-data
124-->[com.google.firebase:firebase-appcheck:17.1.1] AndroidManifest.xml:28:13-30:85
125                android:name="com.google.firebase.components:com.google.firebase.appcheck.FirebaseAppCheckRegistrar"
125-->[com.google.firebase:firebase-appcheck:17.1.1] AndroidManifest.xml:29:17-117
126                android:value="com.google.firebase.components.ComponentRegistrar" />
126-->[com.google.firebase:firebase-appcheck:17.1.1] AndroidManifest.xml:30:17-82
127            <meta-data
127-->[com.google.firebase:firebase-common-ktx:20.4.2] AndroidManifest.xml:12:13-14:85
128                android:name="com.google.firebase.components:com.google.firebase.ktx.FirebaseCommonLegacyRegistrar"
128-->[com.google.firebase:firebase-common-ktx:20.4.2] AndroidManifest.xml:13:17-116
129                android:value="com.google.firebase.components.ComponentRegistrar" />
129-->[com.google.firebase:firebase-common-ktx:20.4.2] AndroidManifest.xml:14:17-82
130            <meta-data
130-->[com.google.firebase:firebase-common:20.4.2] AndroidManifest.xml:35:13-37:85
131                android:name="com.google.firebase.components:com.google.firebase.FirebaseCommonKtxRegistrar"
131-->[com.google.firebase:firebase-common:20.4.2] AndroidManifest.xml:36:17-109
132                android:value="com.google.firebase.components.ComponentRegistrar" />
132-->[com.google.firebase:firebase-common:20.4.2] AndroidManifest.xml:37:17-82
133        </service>
134
135        <activity
135-->[:flutter_inappwebview] AndroidManifest.xml:16:9-20:47
136            android:name="com.pichillilorenzo.flutter_inappwebview.in_app_browser.InAppBrowserActivity"
136-->[:flutter_inappwebview] AndroidManifest.xml:17:13-104
137            android:configChanges="orientation|keyboardHidden|keyboard|screenSize|locale|layoutDirection|fontScale|screenLayout|density"
137-->[:flutter_inappwebview] AndroidManifest.xml:18:13-137
138            android:exported="false"
138-->[:flutter_inappwebview] AndroidManifest.xml:19:13-37
139            android:theme="@style/AppTheme" />
139-->[:flutter_inappwebview] AndroidManifest.xml:20:13-44
140        <activity
140-->[:flutter_inappwebview] AndroidManifest.xml:21:9-24:55
141            android:name="com.pichillilorenzo.flutter_inappwebview.chrome_custom_tabs.ChromeCustomTabsActivity"
141-->[:flutter_inappwebview] AndroidManifest.xml:22:13-112
142            android:exported="false"
142-->[:flutter_inappwebview] AndroidManifest.xml:23:13-37
143            android:theme="@style/ThemeTransparent" />
143-->[:flutter_inappwebview] AndroidManifest.xml:24:13-52
144        <activity
144-->[:flutter_inappwebview] AndroidManifest.xml:25:9-28:55
145            android:name="com.pichillilorenzo.flutter_inappwebview.chrome_custom_tabs.TrustedWebActivity"
145-->[:flutter_inappwebview] AndroidManifest.xml:26:13-106
146            android:exported="false"
146-->[:flutter_inappwebview] AndroidManifest.xml:27:13-37
147            android:theme="@style/ThemeTransparent" />
147-->[:flutter_inappwebview] AndroidManifest.xml:28:13-52
148        <activity
148-->[:flutter_inappwebview] AndroidManifest.xml:29:9-33:55
149            android:name="com.pichillilorenzo.flutter_inappwebview.chrome_custom_tabs.ChromeCustomTabsActivitySingleInstance"
149-->[:flutter_inappwebview] AndroidManifest.xml:30:13-126
150            android:exported="false"
150-->[:flutter_inappwebview] AndroidManifest.xml:31:13-37
151            android:launchMode="singleInstance"
151-->[:flutter_inappwebview] AndroidManifest.xml:32:13-48
152            android:theme="@style/ThemeTransparent" />
152-->[:flutter_inappwebview] AndroidManifest.xml:33:13-52
153        <activity
153-->[:flutter_inappwebview] AndroidManifest.xml:34:9-38:55
154            android:name="com.pichillilorenzo.flutter_inappwebview.chrome_custom_tabs.TrustedWebActivitySingleInstance"
154-->[:flutter_inappwebview] AndroidManifest.xml:35:13-120
155            android:exported="false"
155-->[:flutter_inappwebview] AndroidManifest.xml:36:13-37
156            android:launchMode="singleInstance"
156-->[:flutter_inappwebview] AndroidManifest.xml:37:13-48
157            android:theme="@style/ThemeTransparent" />
157-->[:flutter_inappwebview] AndroidManifest.xml:38:13-52
158
159        <receiver
159-->[:flutter_inappwebview] AndroidManifest.xml:40:9-43:40
160            android:name="com.pichillilorenzo.flutter_inappwebview.chrome_custom_tabs.ActionBroadcastReceiver"
160-->[:flutter_inappwebview] AndroidManifest.xml:41:13-111
161            android:enabled="true"
161-->[:flutter_inappwebview] AndroidManifest.xml:42:13-35
162            android:exported="false" />
162-->[:flutter_inappwebview] AndroidManifest.xml:43:13-37
163
164        <meta-data
164-->[:flutter_inappwebview] AndroidManifest.xml:45:9-47:36
165            android:name="io.flutter.embedded_views_preview"
165-->[:flutter_inappwebview] AndroidManifest.xml:46:13-61
166            android:value="true" />
166-->[:flutter_inappwebview] AndroidManifest.xml:47:13-33
167
168        <provider
168-->[:image_picker_android] AndroidManifest.xml:10:9-18:20
169            android:name="io.flutter.plugins.imagepicker.ImagePickerFileProvider"
169-->[:image_picker_android] AndroidManifest.xml:11:13-82
170            android:authorities="com.example.ephamarcy.flutter.image_provider"
170-->[:image_picker_android] AndroidManifest.xml:12:13-74
171            android:exported="false"
171-->[:image_picker_android] AndroidManifest.xml:13:13-37
172            android:grantUriPermissions="true" >
172-->[:image_picker_android] AndroidManifest.xml:14:13-47
173            <meta-data
173-->[:image_picker_android] AndroidManifest.xml:15:13-17:75
174                android:name="android.support.FILE_PROVIDER_PATHS"
174-->[:image_picker_android] AndroidManifest.xml:16:17-67
175                android:resource="@xml/flutter_image_picker_file_paths" />
175-->[:image_picker_android] AndroidManifest.xml:17:17-72
176        </provider>
177
178        <activity
178-->[com.stripe:paymentsheet:20.37.4] AndroidManifest.xml:8:9-12:58
179            android:name="com.stripe.android.paymentsheet.PaymentSheetActivity"
179-->[com.stripe:paymentsheet:20.37.4] AndroidManifest.xml:9:13-80
180            android:exported="false"
180-->[com.stripe:paymentsheet:20.37.4] AndroidManifest.xml:10:13-37
181            android:theme="@style/StripePaymentSheetDefaultTheme"
181-->[com.stripe:paymentsheet:20.37.4] AndroidManifest.xml:11:13-66
182            android:windowSoftInputMode="adjustResize" />
182-->[com.stripe:paymentsheet:20.37.4] AndroidManifest.xml:12:13-55
183        <activity
183-->[com.stripe:paymentsheet:20.37.4] AndroidManifest.xml:13:9-17:58
184            android:name="com.stripe.android.paymentsheet.PaymentOptionsActivity"
184-->[com.stripe:paymentsheet:20.37.4] AndroidManifest.xml:14:13-82
185            android:exported="false"
185-->[com.stripe:paymentsheet:20.37.4] AndroidManifest.xml:15:13-37
186            android:theme="@style/StripePaymentSheetDefaultTheme"
186-->[com.stripe:paymentsheet:20.37.4] AndroidManifest.xml:16:13-66
187            android:windowSoftInputMode="adjustResize" />
187-->[com.stripe:paymentsheet:20.37.4] AndroidManifest.xml:17:13-55
188        <activity
188-->[com.stripe:paymentsheet:20.37.4] AndroidManifest.xml:18:9-22:58
189            android:name="com.stripe.android.customersheet.CustomerSheetActivity"
189-->[com.stripe:paymentsheet:20.37.4] AndroidManifest.xml:19:13-82
190            android:exported="false"
190-->[com.stripe:paymentsheet:20.37.4] AndroidManifest.xml:20:13-37
191            android:theme="@style/StripePaymentSheetDefaultTheme"
191-->[com.stripe:paymentsheet:20.37.4] AndroidManifest.xml:21:13-66
192            android:windowSoftInputMode="adjustResize" />
192-->[com.stripe:paymentsheet:20.37.4] AndroidManifest.xml:22:13-55
193        <activity
193-->[com.stripe:paymentsheet:20.37.4] AndroidManifest.xml:23:9-26:69
194            android:name="com.stripe.android.paymentsheet.addresselement.AddressElementActivity"
194-->[com.stripe:paymentsheet:20.37.4] AndroidManifest.xml:24:13-97
195            android:exported="false"
195-->[com.stripe:paymentsheet:20.37.4] AndroidManifest.xml:25:13-37
196            android:theme="@style/StripePaymentSheetDefaultTheme" />
196-->[com.stripe:paymentsheet:20.37.4] AndroidManifest.xml:26:13-66
197        <activity
197-->[com.stripe:paymentsheet:20.37.4] AndroidManifest.xml:27:9-30:69
198            android:name="com.stripe.android.paymentsheet.paymentdatacollection.bacs.BacsMandateConfirmationActivity"
198-->[com.stripe:paymentsheet:20.37.4] AndroidManifest.xml:28:13-118
199            android:exported="false"
199-->[com.stripe:paymentsheet:20.37.4] AndroidManifest.xml:29:13-37
200            android:theme="@style/StripePaymentSheetDefaultTheme" />
200-->[com.stripe:paymentsheet:20.37.4] AndroidManifest.xml:30:13-66
201        <activity
201-->[com.stripe:paymentsheet:20.37.4] AndroidManifest.xml:31:9-34:69
202            android:name="com.stripe.android.paymentsheet.paymentdatacollection.polling.PollingActivity"
202-->[com.stripe:paymentsheet:20.37.4] AndroidManifest.xml:32:13-105
203            android:exported="false"
203-->[com.stripe:paymentsheet:20.37.4] AndroidManifest.xml:33:13-37
204            android:theme="@style/StripePaymentSheetDefaultTheme" />
204-->[com.stripe:paymentsheet:20.37.4] AndroidManifest.xml:34:13-66
205        <activity
205-->[com.stripe:paymentsheet:20.37.4] AndroidManifest.xml:35:9-38:69
206            android:name="com.stripe.android.paymentsheet.ui.SepaMandateActivity"
206-->[com.stripe:paymentsheet:20.37.4] AndroidManifest.xml:36:13-82
207            android:exported="false"
207-->[com.stripe:paymentsheet:20.37.4] AndroidManifest.xml:37:13-37
208            android:theme="@style/StripePaymentSheetDefaultTheme" />
208-->[com.stripe:paymentsheet:20.37.4] AndroidManifest.xml:38:13-66
209        <activity
209-->[com.stripe:link:20.37.4] AndroidManifest.xml:8:9-13:61
210            android:name="com.stripe.android.link.LinkForegroundActivity"
210-->[com.stripe:link:20.37.4] AndroidManifest.xml:9:13-74
211            android:autoRemoveFromRecents="true"
211-->[com.stripe:link:20.37.4] AndroidManifest.xml:10:13-49
212            android:configChanges="orientation|keyboard|keyboardHidden|screenLayout|screenSize|smallestScreenSize"
212-->[com.stripe:link:20.37.4] AndroidManifest.xml:11:13-115
213            android:launchMode="singleTop"
213-->[com.stripe:link:20.37.4] AndroidManifest.xml:12:13-43
214            android:theme="@style/StripeTransparentTheme" />
214-->[com.stripe:link:20.37.4] AndroidManifest.xml:13:13-58
215        <activity
215-->[com.stripe:link:20.37.4] AndroidManifest.xml:14:9-31:20
216            android:name="com.stripe.android.link.LinkRedirectHandlerActivity"
216-->[com.stripe:link:20.37.4] AndroidManifest.xml:15:13-79
217            android:autoRemoveFromRecents="true"
217-->[com.stripe:link:20.37.4] AndroidManifest.xml:16:13-49
218            android:exported="true"
218-->[com.stripe:link:20.37.4] AndroidManifest.xml:17:13-36
219            android:launchMode="singleInstance"
219-->[com.stripe:link:20.37.4] AndroidManifest.xml:18:13-48
220            android:theme="@style/StripeTransparentTheme" >
220-->[com.stripe:link:20.37.4] AndroidManifest.xml:19:13-58
221            <intent-filter>
221-->[com.stripe:link:20.37.4] AndroidManifest.xml:20:13-30:29
222                <action android:name="android.intent.action.VIEW" />
222-->[com.stripe:link:20.37.4] AndroidManifest.xml:21:17-69
222-->[com.stripe:link:20.37.4] AndroidManifest.xml:21:25-66
223
224                <category android:name="android.intent.category.DEFAULT" />
224-->[com.stripe:link:20.37.4] AndroidManifest.xml:23:17-76
224-->[com.stripe:link:20.37.4] AndroidManifest.xml:23:27-73
225                <category android:name="android.intent.category.BROWSABLE" />
225-->[com.stripe:link:20.37.4] AndroidManifest.xml:24:17-78
225-->[com.stripe:link:20.37.4] AndroidManifest.xml:24:27-75
226
227                <data
227-->[com.stripe:link:20.37.4] AndroidManifest.xml:26:17-29:51
228                    android:host="complete"
228-->[com.stripe:link:20.37.4] AndroidManifest.xml:27:21-44
229                    android:path="/com.example.ephamarcy"
229-->[com.stripe:link:20.37.4] AndroidManifest.xml:28:21-53
230                    android:scheme="link-popup" />
230-->[com.stripe:link:20.37.4] AndroidManifest.xml:29:21-48
231            </intent-filter>
232        </activity>
233        <activity
233-->[com.stripe:payments-ui-core:20.37.4] AndroidManifest.xml:8:9-11:69
234            android:name="com.stripe.android.ui.core.cardscan.CardScanActivity"
234-->[com.stripe:payments-ui-core:20.37.4] AndroidManifest.xml:9:13-80
235            android:exported="false"
235-->[com.stripe:payments-ui-core:20.37.4] AndroidManifest.xml:10:13-37
236            android:theme="@style/StripePaymentSheetDefaultTheme" />
236-->[com.stripe:payments-ui-core:20.37.4] AndroidManifest.xml:11:13-66
237        <activity
237-->[com.stripe:payments-core:20.37.4] AndroidManifest.xml:15:9-18:57
238            android:name="com.stripe.android.view.AddPaymentMethodActivity"
238-->[com.stripe:payments-core:20.37.4] AndroidManifest.xml:16:13-76
239            android:exported="false"
239-->[com.stripe:payments-core:20.37.4] AndroidManifest.xml:17:13-37
240            android:theme="@style/StripeDefaultTheme" />
240-->[com.stripe:payments-core:20.37.4] AndroidManifest.xml:18:13-54
241        <activity
241-->[com.stripe:payments-core:20.37.4] AndroidManifest.xml:19:9-22:57
242            android:name="com.stripe.android.view.PaymentMethodsActivity"
242-->[com.stripe:payments-core:20.37.4] AndroidManifest.xml:20:13-74
243            android:exported="false"
243-->[com.stripe:payments-core:20.37.4] AndroidManifest.xml:21:13-37
244            android:theme="@style/StripeDefaultTheme" />
244-->[com.stripe:payments-core:20.37.4] AndroidManifest.xml:22:13-54
245        <activity
245-->[com.stripe:payments-core:20.37.4] AndroidManifest.xml:23:9-26:57
246            android:name="com.stripe.android.view.PaymentFlowActivity"
246-->[com.stripe:payments-core:20.37.4] AndroidManifest.xml:24:13-71
247            android:exported="false"
247-->[com.stripe:payments-core:20.37.4] AndroidManifest.xml:25:13-37
248            android:theme="@style/StripeDefaultTheme" />
248-->[com.stripe:payments-core:20.37.4] AndroidManifest.xml:26:13-54
249        <activity
249-->[com.stripe:payments-core:20.37.4] AndroidManifest.xml:27:9-31:58
250            android:name="com.stripe.android.view.PaymentAuthWebViewActivity"
250-->[com.stripe:payments-core:20.37.4] AndroidManifest.xml:28:13-78
251            android:exported="false"
251-->[com.stripe:payments-core:20.37.4] AndroidManifest.xml:29:13-37
252            android:theme="@style/StripeDefaultTheme"
252-->[com.stripe:payments-core:20.37.4] AndroidManifest.xml:30:13-54
253            android:windowSoftInputMode="adjustResize" />
253-->[com.stripe:payments-core:20.37.4] AndroidManifest.xml:31:13-55
254        <activity
254-->[com.stripe:payments-core:20.37.4] AndroidManifest.xml:32:9-35:61
255            android:name="com.stripe.android.view.PaymentRelayActivity"
255-->[com.stripe:payments-core:20.37.4] AndroidManifest.xml:33:13-72
256            android:exported="false"
256-->[com.stripe:payments-core:20.37.4] AndroidManifest.xml:34:13-37
257            android:theme="@style/StripeTransparentTheme" />
257-->[com.stripe:payments-core:20.37.4] AndroidManifest.xml:35:13-58
258        <!--
259        Set android:launchMode="singleTop" so that the StripeBrowserLauncherActivity instance that
260        launched the browser Activity will also handle the return URL deep link.
261        -->
262        <activity
262-->[com.stripe:payments-core:20.37.4] AndroidManifest.xml:41:9-45:61
263            android:name="com.stripe.android.payments.StripeBrowserLauncherActivity"
263-->[com.stripe:payments-core:20.37.4] AndroidManifest.xml:42:13-85
264            android:exported="false"
264-->[com.stripe:payments-core:20.37.4] AndroidManifest.xml:43:13-37
265            android:launchMode="singleTask"
265-->[com.stripe:payments-core:20.37.4] AndroidManifest.xml:44:13-44
266            android:theme="@style/StripeTransparentTheme" />
266-->[com.stripe:payments-core:20.37.4] AndroidManifest.xml:45:13-58
267        <activity
267-->[com.stripe:payments-core:20.37.4] AndroidManifest.xml:46:9-63:20
268            android:name="com.stripe.android.payments.StripeBrowserProxyReturnActivity"
268-->[com.stripe:payments-core:20.37.4] AndroidManifest.xml:47:13-88
269            android:exported="true"
269-->[com.stripe:payments-core:20.37.4] AndroidManifest.xml:48:13-36
270            android:launchMode="singleTask"
270-->[com.stripe:payments-core:20.37.4] AndroidManifest.xml:49:13-44
271            android:theme="@style/StripeTransparentTheme" >
271-->[com.stripe:payments-core:20.37.4] AndroidManifest.xml:50:13-58
272            <intent-filter>
272-->[com.stripe:payments-core:20.37.4] AndroidManifest.xml:51:13-62:29
273                <action android:name="android.intent.action.VIEW" />
273-->[com.stripe:link:20.37.4] AndroidManifest.xml:21:17-69
273-->[com.stripe:link:20.37.4] AndroidManifest.xml:21:25-66
274
275                <category android:name="android.intent.category.DEFAULT" />
275-->[com.stripe:link:20.37.4] AndroidManifest.xml:23:17-76
275-->[com.stripe:link:20.37.4] AndroidManifest.xml:23:27-73
276                <category android:name="android.intent.category.BROWSABLE" />
276-->[com.stripe:link:20.37.4] AndroidManifest.xml:24:17-78
276-->[com.stripe:link:20.37.4] AndroidManifest.xml:24:27-75
277
278                <!-- Must match `DefaultReturnUrl#value`. -->
279                <data
279-->[com.stripe:link:20.37.4] AndroidManifest.xml:26:17-29:51
280                    android:host="payment_return_url"
280-->[com.stripe:link:20.37.4] AndroidManifest.xml:27:21-44
281                    android:path="/com.example.ephamarcy"
281-->[com.stripe:link:20.37.4] AndroidManifest.xml:28:21-53
282                    android:scheme="stripesdk" />
282-->[com.stripe:link:20.37.4] AndroidManifest.xml:29:21-48
283            </intent-filter>
284        </activity>
285        <activity
285-->[com.stripe:payments-core:20.37.4] AndroidManifest.xml:64:9-67:57